1484341600.84: {
  "pid": 16989, 
  "args": [
    "INIT"
  ], 
  "proc": "MainProcess", 
  "type": "Hub"
}
1484341603.6: {
  "pid": 16989, 
  "args": [
    "START"
  ], 
  "proc": "MainProcess", 
  "type": "Hub"
}
1484341603.6: {
  "pid": 16989, 
  "args": [
    "RUN"
  ], 
  "proc": "MainProcess", 
  "type": "Hub"
}
1484341603.7: {
  "pid": 16989, 
  "args": [
    "STARTED"
  ], 
  "proc": "MainProcess", 
  "type": "Hub"
}
1484341630.16: {
  "pid": 16989, 
  "args": [
    "HUB-EXIT"
  ], 
  "proc": "MainProcess", 
  "type": "Hub"
}
1484341630.17: {
  "pid": 16989, 
  "args": [
    "Runner.stop.entry"
  ], 
  "proc": "MainProcess", 
  "type": "Hub"
}
1484341630.17: {
  "pid": 16989, 
  "args": [
    "STOPPING"
  ], 
  "proc": "MainProcess", 
  "type": "Hub"
}
1484341630.17: {
  "pid": 16989, 
  "args": [
    "RUNNING=False"
  ], 
  "proc": "MainProcess", 
  "type": "Hub"
}
1484341630.17: {
  "pid": 16989, 
  "args": [
    "Runner.stop.exit"
  ], 
  "proc": "MainProcess", 
  "type": "Hub"
}
1484341630.17: {
  "pid": 16989, 
  "args": [
    "RUN-LOOP-ENDED"
  ], 
  "proc": "MainProcess", 
  "type": "Hub"
}
1484341727.28: {
  "pid": 16989, 
  "args": [
    "START"
  ], 
  "proc": "MainProcess", 
  "type": "Hub"
}
1484341727.28: {
  "pid": 16989, 
  "args": [
    "RUN"
  ], 
  "proc": "MainProcess", 
  "type": "Hub"
}
1484341727.38: {
  "pid": 16989, 
  "args": [
    "STARTED"
  ], 
  "proc": "MainProcess", 
  "type": "Hub"
}
1484341766.69: {
  "pid": 16989, 
  "args": [
    "TASK-ADD", 
    {
      "pid": 17573, 
      "name": "hubcap-1", 
      "taskid": 1
    }
  ], 
  "proc": "MainProcess", 
  "type": "Hub"
}
1484341766.69: {
  "pid": 16989, 
  "args": [
    "TASKS:", 
    [
      1
    ]
  ], 
  "proc": "MainProcess", 
  "type": "Hub"
}
1484341807.52: {
  "pid": 16989, 
  "args": [
    "TASK-ADD", 
    {
      "pid": 17598, 
      "name": "hubcap-1", 
      "taskid": 1
    }
  ], 
  "proc": "MainProcess", 
  "type": "Hub"
}
1484341807.52: {
  "pid": 16989, 
  "args": [
    "TASKS:", 
    [
      1
    ]
  ], 
  "proc": "MainProcess", 
  "type": "Hub"
}
1484341874.18: {
  "pid": 16989, 
  "args": [
    "TASK-ADD", 
    {
      "pid": 17648, 
      "name": "hubcap-1", 
      "taskid": 1
    }
  ], 
  "proc": "MainProcess", 
  "type": "Hub"
}
1484341874.18: {
  "pid": 16989, 
  "args": [
    "TASKS:", 
    [
      1
    ]
  ], 
  "proc": "MainProcess", 
  "type": "Hub"
}
1484344847.11: {
  "pid": 19903, 
  "args": [
    "INIT"
  ], 
  "proc": "MainProcess", 
  "type": "Hub"
}
1484344849.16: {
  "pid": 19903, 
  "args": [
    "START"
  ], 
  "proc": "MainProcess", 
  "type": "Hub"
}
1484344849.16: {
  "pid": 19903, 
  "args": [
    "RUN"
  ], 
  "proc": "MainProcess", 
  "type": "Hub"
}
1484344849.26: {
  "pid": 19903, 
  "args": [
    "STARTED"
  ], 
  "proc": "MainProcess", 
  "type": "Hub"
}
1484344876.24: {
  "pid": 19903, 
  "args": [
    "TASK-ADD", 
    {
      "pid": 19939, 
      "name": "hubcap-1", 
      "taskid": 1
    }
  ], 
  "proc": "MainProcess", 
  "type": "Hub"
}
1484344876.24: {
  "pid": 19903, 
  "args": [
    "TASKS:", 
    [
      1
    ]
  ], 
  "proc": "MainProcess", 
  "type": "Hub"
}
1484344904.07: {
  "pid": 19903, 
  "args": [
    "TASK-ADD", 
    {
      "pid": 19956, 
      "name": "hubcap-1", 
      "taskid": 1
    }
  ], 
  "proc": "MainProcess", 
  "type": "Hub"
}
1484344904.07: {
  "pid": 19903, 
  "args": [
    "TASKS:", 
    [
      1
    ]
  ], 
  "proc": "MainProcess", 
  "type": "Hub"
}
1484344936.72: {
  "pid": 19903, 
  "args": [
    "INIT"
  ], 
  "proc": "MainProcess", 
  "type": "Add1"
}
1484344982.3: {
  "pid": 19903, 
  "args": [
    "INIT"
  ], 
  "proc": "MainProcess", 
  "type": "Add1"
}
1484344982.3: {
  "pid": 19903, 
  "args": [
    "task init ok"
  ], 
  "proc": "MainProcess", 
  "type": "Add1"
}
1484344990.4: {
  "pid": 19903, 
  "args": [
    "START"
  ], 
  "proc": "MainProcess", 
  "type": "Add1"
}
1484344990.41: {
  "pid": 19903, 
  "args": [
    "RUN"
  ], 
  "proc": "MainProcess", 
  "type": "Add1"
}
1484344990.51: {
  "pid": 19903, 
  "args": [
    "STARTED"
  ], 
  "proc": "MainProcess", 
  "type": "Add1"
}
1484345046.49: {
  "pid": 19903, 
  "args": [
    "received message", 
    {
      "c": "exit"
    }
  ], 
  "proc": "MainProcess", 
  "type": "Add1"
}
1484345046.49: {
  "pid": 19903, 
  "args": [
    "received exit message", 
    {
      "c": "exit"
    }
  ], 
  "proc": "MainProcess", 
  "type": "Add1"
}
1484345046.49: {
  "pid": 19903, 
  "args": [
    "Runner.stop.entry"
  ], 
  "proc": "MainProcess", 
  "type": "Add1"
}
1484345046.49: {
  "pid": 19903, 
  "args": [
    "STOPPING"
  ], 
  "proc": "MainProcess", 
  "type": "Add1"
}
1484345046.49: {
  "pid": 19903, 
  "args": [
    "RUNNING=False"
  ], 
  "proc": "MainProcess", 
  "type": "Add1"
}
1484345046.49: {
  "pid": 19903, 
  "args": [
    "Runner.stop.exit"
  ], 
  "proc": "MainProcess", 
  "type": "Add1"
}
1484345046.49: {
  "pid": 19903, 
  "args": [
    "returned-from-stop", 
    {
      "running": false
    }
  ], 
  "proc": "MainProcess", 
  "type": "Add1"
}
1484345046.49: {
  "pid": 19903, 
  "args": [
    "processed message", 
    {
      "c": "exit", 
      "r": "exiting"
    }
  ], 
  "proc": "MainProcess", 
  "type": "Add1"
}
1484345677.77: {
  "pid": 20366, 
  "args": [
    "INIT"
  ], 
  "proc": "MainProcess", 
  "type": "Add1"
}
1484345752.2: {
  "pid": 20366, 
  "args": [
    "INIT"
  ], 
  "proc": "MainProcess", 
  "type": "Hub"
}
1484345758.17: {
  "pid": 20366, 
  "args": [
    "START"
  ], 
  "proc": "MainProcess", 
  "type": "Hub"
}
1484345758.18: {
  "pid": 20366, 
  "args": [
    "RUN"
  ], 
  "proc": "MainProcess", 
  "type": "Hub"
}
1484345758.28: {
  "pid": 20366, 
  "args": [
    "STARTED"
  ], 
  "proc": "MainProcess", 
  "type": "Hub"
}
1484345794.19: {
  "pid": 20366, 
  "args": [
    "TASK-ADD", 
    {
      "pid": 20495, 
      "name": "hubcap-1", 
      "taskid": 1
    }
  ], 
  "proc": "MainProcess", 
  "type": "Hub"
}
1484345794.19: {
  "pid": 20366, 
  "args": [
    "TASKS:", 
    [
      1
    ]
  ], 
  "proc": "MainProcess", 
  "type": "Hub"
}
1484345794.2: {
  "pid": 20495, 
  "args": [
    "INIT"
  ], 
  "proc": "hubcap-1", 
  "type": "Add1"
}
1484345794.2: {
  "pid": 20495, 
  "args": [
    "task init ok"
  ], 
  "proc": "hubcap-1", 
  "type": "Add1"
}
1484345794.2: {
  "pid": 20495, 
  "args": [
    "RUN"
  ], 
  "proc": "hubcap-1", 
  "type": "Add1"
}
1484346091.81: {
  "pid": 20366, 
  "args": [
    "TASK-EXIT", 
    {
      "taskid": 1
    }
  ], 
  "proc": "MainProcess", 
  "type": "Hub"
}
1484346091.82: {
  "pid": 20495, 
  "args": [
    "received message", 
    {
      "c": "exit"
    }
  ], 
  "proc": "hubcap-1", 
  "type": "Add1"
}
1484346091.82: {
  "pid": 20495, 
  "args": [
    "received exit message", 
    {
      "c": "exit"
    }
  ], 
  "proc": "hubcap-1", 
  "type": "Add1"
}
1484346091.82: {
  "pid": 20495, 
  "args": [
    "Runner.stop.entry"
  ], 
  "proc": "hubcap-1", 
  "type": "Add1"
}
1484346091.82: {
  "pid": 20495, 
  "args": [
    "STOPPING"
  ], 
  "proc": "hubcap-1", 
  "type": "Add1"
}
1484346091.82: {
  "pid": 20495, 
  "args": [
    "RUNNING=False"
  ], 
  "proc": "hubcap-1", 
  "type": "Add1"
}
1484346091.82: {
  "pid": 20495, 
  "args": [
    "Runner.stop.exit"
  ], 
  "proc": "hubcap-1", 
  "type": "Add1"
}
1484346091.82: {
  "pid": 20495, 
  "args": [
    "returned-from-stop", 
    {
      "running": false
    }
  ], 
  "proc": "hubcap-1", 
  "type": "Add1"
}
1484346091.82: {
  "pid": 20495, 
  "args": [
    "processed message", 
    {
      "c": "exit", 
      "r": "exiting"
    }
  ], 
  "proc": "hubcap-1", 
  "type": "Add1"
}
1484346091.92: {
  "pid": 20366, 
  "args": [
    "WAIT-FOR-TASK-EXIT", 
    {
      "taskid": 1
    }
  ], 
  "proc": "MainProcess", 
  "type": "Hub"
}
1484346094.17: {
  "pid": 20366, 
  "args": [
    "task 1 failed to exit. terminating."
  ], 
  "proc": "MainProcess", 
  "type": "Hub"
}
1484346094.17: {
  "pid": 20366, 
  "args": [
    "TASKS:", 
    []
  ], 
  "proc": "MainProcess", 
  "type": "Hub"
}
1484346275.89: {
  "pid": 20366, 
  "args": [
    "TASK-ADD", 
    {
      "pid": 20785, 
      "name": "hubcap-2", 
      "taskid": 2
    }
  ], 
  "proc": "MainProcess", 
  "type": "Hub"
}
1484346275.89: {
  "pid": 20366, 
  "args": [
    "TASKS:", 
    [
      2
    ]
  ], 
  "proc": "MainProcess", 
  "type": "Hub"
}
1484346275.9: {
  "pid": 20785, 
  "args": [
    "INIT"
  ], 
  "proc": "hubcap-2", 
  "type": "Add1"
}
1484346275.9: {
  "pid": 20785, 
  "args": [
    "task init ok"
  ], 
  "proc": "hubcap-2", 
  "type": "Add1"
}
1484346275.9: {
  "pid": 20785, 
  "args": [
    "RUN"
  ], 
  "proc": "hubcap-2", 
  "type": "Add1"
}
1484346326.45: {
  "pid": 20366, 
  "args": [
    "HUB-EXIT"
  ], 
  "proc": "MainProcess", 
  "type": "Hub"
}
1484346326.45: {
  "pid": 20366, 
  "args": [
    "TASK-EXIT", 
    {
      "taskid": 2
    }
  ], 
  "proc": "MainProcess", 
  "type": "Hub"
}
1484346326.46: {
  "pid": 20785, 
  "args": [
    "received message", 
    {
      "c": "exit"
    }
  ], 
  "proc": "hubcap-2", 
  "type": "Add1"
}
1484346326.46: {
  "pid": 20785, 
  "args": [
    "received exit message", 
    {
      "c": "exit"
    }
  ], 
  "proc": "hubcap-2", 
  "type": "Add1"
}
1484346326.46: {
  "pid": 20785, 
  "args": [
    "Runner.stop.entry"
  ], 
  "proc": "hubcap-2", 
  "type": "Add1"
}
1484346326.46: {
  "pid": 20785, 
  "args": [
    "STOPPING"
  ], 
  "proc": "hubcap-2", 
  "type": "Add1"
}
1484346326.46: {
  "pid": 20785, 
  "args": [
    "RUNNING=False"
  ], 
  "proc": "hubcap-2", 
  "type": "Add1"
}
1484346326.46: {
  "pid": 20785, 
  "args": [
    "Runner.stop.exit"
  ], 
  "proc": "hubcap-2", 
  "type": "Add1"
}
1484346326.46: {
  "pid": 20785, 
  "args": [
    "returned-from-stop", 
    {
      "running": false
    }
  ], 
  "proc": "hubcap-2", 
  "type": "Add1"
}
1484346326.46: {
  "pid": 20785, 
  "args": [
    "processed message", 
    {
      "c": "exit", 
      "r": "exiting"
    }
  ], 
  "proc": "hubcap-2", 
  "type": "Add1"
}
1484346326.56: {
  "pid": 20366, 
  "args": [
    "WAIT-FOR-TASK-EXIT", 
    {
      "taskid": 2
    }
  ], 
  "proc": "MainProcess", 
  "type": "Hub"
}
1484346328.81: {
  "pid": 20366, 
  "args": [
    "task 2 failed to exit. terminating."
  ], 
  "proc": "MainProcess", 
  "type": "Hub"
}
1484346328.81: {
  "pid": 20366, 
  "args": [
    "TASKS:", 
    []
  ], 
  "proc": "MainProcess", 
  "type": "Hub"
}
1484346328.81: {
  "pid": 20366, 
  "args": [
    "Runner.stop.entry"
  ], 
  "proc": "MainProcess", 
  "type": "Hub"
}
1484346328.81: {
  "pid": 20366, 
  "args": [
    "STOPPING"
  ], 
  "proc": "MainProcess", 
  "type": "Hub"
}
1484346328.81: {
  "pid": 20366, 
  "args": [
    "RUNNING=False"
  ], 
  "proc": "MainProcess", 
  "type": "Hub"
}
1484346328.82: {
  "pid": 20366, 
  "args": [
    "Runner.stop.exit"
  ], 
  "proc": "MainProcess", 
  "type": "Hub"
}
1484346328.85: {
  "pid": 20366, 
  "args": [
    "RUN-LOOP-ENDED"
  ], 
  "proc": "MainProcess", 
  "type": "Hub"
}
1484348041.84: {
  "pid": 21906, 
  "args": [
    "INIT"
  ], 
  "proc": "MainProcess", 
  "type": "Hub"
}
1484348062.25: {
  "pid": 21906, 
  "args": [
    "TASK-ADD", 
    {
      "pid": 21944, 
      "name": "hubcap-1", 
      "taskid": 1
    }
  ], 
  "proc": "MainProcess", 
  "type": "Hub"
}
1484348062.25: {
  "pid": 21906, 
  "args": [
    "TASKS:", 
    [
      1
    ]
  ], 
  "proc": "MainProcess", 
  "type": "Hub"
}
1484348062.25: {
  "pid": 21944, 
  "args": [
    "INIT"
  ], 
  "proc": "hubcap-1", 
  "type": "Add1"
}
1484348062.26: {
  "pid": 21944, 
  "args": [
    "task init ok"
  ], 
  "proc": "hubcap-1", 
  "type": "Add1"
}
1484348062.26: {
  "pid": 21944, 
  "args": [
    "RUN"
  ], 
  "proc": "hubcap-1", 
  "type": "Add1"
}
1484348101.59: {
  "pid": 21944, 
  "args": [
    "received message", 
    {
      "c": "exit"
    }
  ], 
  "proc": "hubcap-1", 
  "type": "Add1"
}
1484348101.59: {
  "pid": 21944, 
  "args": [
    "received exit message", 
    {
      "c": "exit"
    }
  ], 
  "proc": "hubcap-1", 
  "type": "Add1"
}
1484348101.6: {
  "pid": 21944, 
  "args": [
    "Runner.stop.entry"
  ], 
  "proc": "hubcap-1", 
  "type": "Add1"
}
1484348101.6: {
  "pid": 21944, 
  "args": [
    "STOPPING"
  ], 
  "proc": "hubcap-1", 
  "type": "Add1"
}
1484348101.6: {
  "pid": 21944, 
  "args": [
    "RUNNING=False"
  ], 
  "proc": "hubcap-1", 
  "type": "Add1"
}
1484348101.6: {
  "pid": 21944, 
  "args": [
    "Runner.stop.exit"
  ], 
  "proc": "hubcap-1", 
  "type": "Add1"
}
1484348101.6: {
  "pid": 21944, 
  "args": [
    "returned-from-stop", 
    {
      "running": false
    }
  ], 
  "proc": "hubcap-1", 
  "type": "Add1"
}
1484348101.6: {
  "pid": 21944, 
  "args": [
    "processed message", 
    {
      "c": "exit", 
      "r": "exiting"
    }
  ], 
  "proc": "hubcap-1", 
  "type": "Add1"
}
1484349261.07: {
  "pid": 21944, 
  "args": [
    "RUN-LOOP-ENDED"
  ], 
  "proc": "hubcap-1", 
  "type": "Add1"
}
1484349322.7: {
  "pid": 22674, 
  "args": [
    "INIT"
  ], 
  "proc": "MainProcess", 
  "type": "Hub"
}
1484349329.18: {
  "pid": 22674, 
  "args": [
    "TASK-ADD", 
    {
      "pid": 22688, 
      "name": "hubcap-1", 
      "taskid": 1
    }
  ], 
  "proc": "MainProcess", 
  "type": "Hub"
}
1484349329.18: {
  "pid": 22674, 
  "args": [
    "TASKS:", 
    [
      1
    ]
  ], 
  "proc": "MainProcess", 
  "type": "Hub"
}
1484349329.19: {
  "pid": 22688, 
  "args": [
    "INIT"
  ], 
  "proc": "hubcap-1", 
  "type": "Add1"
}
1484349329.19: {
  "pid": 22688, 
  "args": [
    "task init ok"
  ], 
  "proc": "hubcap-1", 
  "type": "Add1"
}
1484349329.19: {
  "pid": 22688, 
  "args": [
    "RUN"
  ], 
  "proc": "hubcap-1", 
  "type": "Add1"
}
1484349364.48: {
  "pid": 22688, 
  "args": [
    "received message", 
    {
      "c": "debug"
    }
  ], 
  "proc": "hubcap-1", 
  "type": "Add1"
}
1484349364.48: {
  "pid": 22688, 
  "args": [
    "TypeError", 
    [
      "exceptions.Exception does not take keyword arguments"
    ]
  ], 
  "proc": "hubcap-1", 
  "type": "Add1"
}
1484349747.77: {
  "pid": 22674, 
  "args": [
    "START"
  ], 
  "proc": "MainProcess", 
  "type": "Hub"
}
1484349747.77: {
  "pid": 22674, 
  "args": [
    "RUN"
  ], 
  "proc": "MainProcess", 
  "type": "Hub"
}
1484349747.87: {
  "pid": 22674, 
  "args": [
    "STARTED"
  ], 
  "proc": "MainProcess", 
  "type": "Hub"
}
1484349775.23: {
  "pid": 22674, 
  "args": [
    "HUB-EXIT"
  ], 
  "proc": "MainProcess", 
  "type": "Hub"
}
1484349775.23: {
  "pid": 22674, 
  "args": [
    "TASK-EXIT", 
    {
      "taskid": 1
    }
  ], 
  "proc": "MainProcess", 
  "type": "Hub"
}
1484349775.23: {
  "pid": 22688, 
  "args": [
    "received message", 
    {
      "c": "exit"
    }
  ], 
  "proc": "hubcap-1", 
  "type": "Add1"
}
1484349775.23: {
  "pid": 22688, 
  "args": [
    "received exit message", 
    {
      "c": "exit"
    }
  ], 
  "proc": "hubcap-1", 
  "type": "Add1"
}
1484349775.23: {
  "pid": 22688, 
  "args": [
    "Runner.stop.entry"
  ], 
  "proc": "hubcap-1", 
  "type": "Add1"
}
1484349775.23: {
  "pid": 22688, 
  "args": [
    "STOPPING"
  ], 
  "proc": "hubcap-1", 
  "type": "Add1"
}
1484349775.23: {
  "pid": 22688, 
  "args": [
    "RUNNING=False"
  ], 
  "proc": "hubcap-1", 
  "type": "Add1"
}
1484349775.23: {
  "pid": 22688, 
  "args": [
    "Runner.stop.exit"
  ], 
  "proc": "hubcap-1", 
  "type": "Add1"
}
1484349775.24: {
  "pid": 22688, 
  "args": [
    "returned-from-stop", 
    {
      "running": false
    }
  ], 
  "proc": "hubcap-1", 
  "type": "Add1"
}
1484349775.24: {
  "pid": 22688, 
  "args": [
    "processed message", 
    {
      "c": "exit", 
      "r": "exiting"
    }
  ], 
  "proc": "hubcap-1", 
  "type": "Add1"
}
1484349775.33: {
  "pid": 22674, 
  "args": [
    "WAIT-FOR-TASK-EXIT", 
    {
      "taskid": 1
    }
  ], 
  "proc": "MainProcess", 
  "type": "Hub"
}
1484349777.59: {
  "pid": 22674, 
  "args": [
    "task 1 failed to exit. terminating."
  ], 
  "proc": "MainProcess", 
  "type": "Hub"
}
1484349777.59: {
  "pid": 22674, 
  "args": [
    "TASKS:", 
    []
  ], 
  "proc": "MainProcess", 
  "type": "Hub"
}
1484349777.59: {
  "pid": 22674, 
  "args": [
    "Runner.stop.entry"
  ], 
  "proc": "MainProcess", 
  "type": "Hub"
}
1484349777.59: {
  "pid": 22674, 
  "args": [
    "STOPPING"
  ], 
  "proc": "MainProcess", 
  "type": "Hub"
}
1484349777.59: {
  "pid": 22674, 
  "args": [
    "RUNNING=False"
  ], 
  "proc": "MainProcess", 
  "type": "Hub"
}
1484349777.59: {
  "pid": 22674, 
  "args": [
    "Runner.stop.exit"
  ], 
  "proc": "MainProcess", 
  "type": "Hub"
}
1484349777.64: {
  "pid": 22674, 
  "args": [
    "RUN-LOOP-ENDED"
  ], 
  "proc": "MainProcess", 
  "type": "Hub"
}
1484350906.45: {
  "pid": 24318, 
  "args": [
    "INIT"
  ], 
  "proc": "MainProcess", 
  "type": "Hub"
}
1484350920.42: {
  "pid": 24318, 
  "args": [
    "START"
  ], 
  "proc": "MainProcess", 
  "type": "Hub"
}
1484350920.42: {
  "pid": 24318, 
  "args": [
    "RUN"
  ], 
  "proc": "MainProcess", 
  "type": "Hub"
}
1484350920.52: {
  "pid": 24318, 
  "args": [
    "STARTED"
  ], 
  "proc": "MainProcess", 
  "type": "Hub"
}
1484351054.51: {
  "pid": 24318, 
  "args": [
    "TASK-ADD", 
    {
      "pid": 24426, 
      "name": "hubcap-1", 
      "taskid": 1
    }
  ], 
  "proc": "MainProcess", 
  "type": "Hub"
}
1484351054.51: {
  "pid": 24318, 
  "args": [
    "TASKS:", 
    [
      1
    ]
  ], 
  "proc": "MainProcess", 
  "type": "Hub"
}
1484351054.52: {
  "pid": 24426, 
  "args": [
    "INIT"
  ], 
  "proc": "hubcap-1", 
  "type": "Add1"
}
1484351054.52: {
  "pid": 24426, 
  "args": [
    "task init ok"
  ], 
  "proc": "hubcap-1", 
  "type": "Add1"
}
1484351054.52: {
  "pid": 24426, 
  "args": [
    "RUN"
  ], 
  "proc": "hubcap-1", 
  "type": "Add1"
}
1484351099.98: {
  "pid": 24426, 
  "args": [
    "received message", 
    {
      "c": "debug"
    }
  ], 
  "proc": "hubcap-1", 
  "type": "Add1"
}
1484351099.98: {
  "pid": 24426, 
  "args": [
    "Exception", 
    [
      "debug-error", 
      {
        "detail": {
          "reason": "triggered-by-user", 
          "time": 0.00698
        }
      }
    ]
  ], 
  "proc": "hubcap-1", 
  "type": "Add1"
}
1484351707.79: {
  "pid": 24318, 
  "args": [
    "HUB-EXIT"
  ], 
  "proc": "MainProcess", 
  "type": "Hub"
}
1484351707.79: {
  "pid": 24318, 
  "args": [
    "TASK-EXIT", 
    {
      "taskid": 1
    }
  ], 
  "proc": "MainProcess", 
  "type": "Hub"
}
1484351707.79: {
  "pid": 24426, 
  "args": [
    "received message", 
    {
      "c": "exit"
    }
  ], 
  "proc": "hubcap-1", 
  "type": "Add1"
}
1484351707.79: {
  "pid": 24426, 
  "args": [
    "received exit message", 
    {
      "c": "exit"
    }
  ], 
  "proc": "hubcap-1", 
  "type": "Add1"
}
1484351707.8: {
  "pid": 24426, 
  "args": [
    "Runner.stop.entry"
  ], 
  "proc": "hubcap-1", 
  "type": "Add1"
}
1484351707.8: {
  "pid": 24426, 
  "args": [
    "STOPPING"
  ], 
  "proc": "hubcap-1", 
  "type": "Add1"
}
1484351707.8: {
  "pid": 24426, 
  "args": [
    "RUNNING=False"
  ], 
  "proc": "hubcap-1", 
  "type": "Add1"
}
1484351707.8: {
  "pid": 24426, 
  "args": [
    "Runner.stop.exit"
  ], 
  "proc": "hubcap-1", 
  "type": "Add1"
}
1484351707.8: {
  "pid": 24426, 
  "args": [
    "returned-from-stop", 
    {
      "running": false
    }
  ], 
  "proc": "hubcap-1", 
  "type": "Add1"
}
1484351707.8: {
  "pid": 24426, 
  "args": [
    "processed message", 
    {
      "c": "exit", 
      "r": "exiting"
    }
  ], 
  "proc": "hubcap-1", 
  "type": "Add1"
}
1484351707.89: {
  "pid": 24318, 
  "args": [
    "WAIT-FOR-TASK-EXIT", 
    {
      "taskid": 1
    }
  ], 
  "proc": "MainProcess", 
  "type": "Hub"
}
1484351710.15: {
  "pid": 24318, 
  "args": [
    "task 1 failed to exit. terminating."
  ], 
  "proc": "MainProcess", 
  "type": "Hub"
}
1484351710.15: {
  "pid": 24318, 
  "args": [
    "TASKS:", 
    []
  ], 
  "proc": "MainProcess", 
  "type": "Hub"
}
1484351710.15: {
  "pid": 24318, 
  "args": [
    "Runner.stop.entry"
  ], 
  "proc": "MainProcess", 
  "type": "Hub"
}
1484351710.15: {
  "pid": 24318, 
  "args": [
    "STOPPING"
  ], 
  "proc": "MainProcess", 
  "type": "Hub"
}
1484351710.15: {
  "pid": 24318, 
  "args": [
    "RUNNING=False"
  ], 
  "proc": "MainProcess", 
  "type": "Hub"
}
1484351710.15: {
  "pid": 24318, 
  "args": [
    "Runner.stop.exit"
  ], 
  "proc": "MainProcess", 
  "type": "Hub"
}
1484351710.21: {
  "pid": 24318, 
  "args": [
    "RUN-LOOP-ENDED"
  ], 
  "proc": "MainProcess", 
  "type": "Hub"
}
1484352594.71: {
  "pid": 25324, 
  "args": [
    "INIT"
  ], 
  "proc": "MainProcess", 
  "type": "Hub"
}
1484352594.71: {
  "pid": 25324, 
  "args": [
    "START"
  ], 
  "proc": "MainProcess", 
  "type": "Hub"
}
1484352594.71: {
  "pid": 25324, 
  "args": [
    "RUN"
  ], 
  "proc": "MainProcess", 
  "type": "Hub"
}
1484352594.81: {
  "pid": 25324, 
  "args": [
    "STARTED"
  ], 
  "proc": "MainProcess", 
  "type": "Hub"
}
1484352594.86: {
  "pid": 25324, 
  "args": [
    "TASK-ADD", 
    {
      "pid": 25337, 
      "name": "hubcap-1", 
      "taskid": 1
    }
  ], 
  "proc": "MainProcess", 
  "type": "Hub"
}
1484352594.86: {
  "pid": 25324, 
  "args": [
    "TASKS:", 
    [
      1
    ]
  ], 
  "proc": "MainProcess", 
  "type": "Hub"
}
1484352594.86: {
  "pid": 25337, 
  "args": [
    "INIT"
  ], 
  "proc": "hubcap-1", 
  "type": "Add1"
}
1484352594.86: {
  "pid": 25337, 
  "args": [
    "task init ok"
  ], 
  "proc": "hubcap-1", 
  "type": "Add1"
}
1484352594.86: {
  "pid": 25337, 
  "args": [
    "RUN"
  ], 
  "proc": "hubcap-1", 
  "type": "Add1"
}
1484352620.21: {
  "pid": 25337, 
  "args": [
    "received message", 
    {
      "c": "status"
    }
  ], 
  "proc": "hubcap-1", 
  "type": "Add1"
}
1484352620.21: {
  "pid": 25337, 
  "args": [
    "processed message", 
    {
      "c": "status", 
      "r": {
        "active": null, 
        "running": true, 
        "threaded": null, 
        "time": 1484352620.214603
      }
    }
  ], 
  "proc": "hubcap-1", 
  "type": "Add1"
}
1484352649.81: {
  "pid": 25324, 
  "args": [
    "TASK-EXIT", 
    {
      "taskid": 1
    }
  ], 
  "proc": "MainProcess", 
  "type": "Hub"
}
1484352649.81: {
  "pid": 25337, 
  "args": [
    "received message", 
    {
      "c": "exit"
    }
  ], 
  "proc": "hubcap-1", 
  "type": "Add1"
}
1484352649.81: {
  "pid": 25337, 
  "args": [
    "received exit message", 
    {
      "c": "exit"
    }
  ], 
  "proc": "hubcap-1", 
  "type": "Add1"
}
1484352649.81: {
  "pid": 25337, 
  "args": [
    "Runner.stop.entry"
  ], 
  "proc": "hubcap-1", 
  "type": "Add1"
}
1484352649.81: {
  "pid": 25337, 
  "args": [
    "STOPPING"
  ], 
  "proc": "hubcap-1", 
  "type": "Add1"
}
1484352649.82: {
  "pid": 25337, 
  "args": [
    "RUNNING=False"
  ], 
  "proc": "hubcap-1", 
  "type": "Add1"
}
1484352649.82: {
  "pid": 25337, 
  "args": [
    "Runner.stop.exit"
  ], 
  "proc": "hubcap-1", 
  "type": "Add1"
}
1484352649.82: {
  "pid": 25337, 
  "args": [
    "AttributeError", 
    [
      "_Task__qhub"
    ]
  ], 
  "proc": "hubcap-1", 
  "type": "Add1"
}
1484352649.91: {
  "pid": 25324, 
  "args": [
    "WAIT-FOR-TASK-EXIT", 
    {
      "taskid": 1
    }
  ], 
  "proc": "MainProcess", 
  "type": "Hub"
}
1484352649.92: {
  "pid": 25337, 
  "args": [
    "RUN-LOOP-ENDED"
  ], 
  "proc": "hubcap-1", 
  "type": "Add1"
}
1484352651.17: {
  "pid": 25324, 
  "args": [
    "TASKS:", 
    []
  ], 
  "proc": "MainProcess", 
  "type": "Hub"
}
1484352820.57: {
  "pid": 25324, 
  "args": [
    "HUB-EXIT"
  ], 
  "proc": "MainProcess", 
  "type": "Hub"
}
1484352820.57: {
  "pid": 25324, 
  "args": [
    "Runner.stop.entry"
  ], 
  "proc": "MainProcess", 
  "type": "Hub"
}
1484352820.57: {
  "pid": 25324, 
  "args": [
    "STOPPING"
  ], 
  "proc": "MainProcess", 
  "type": "Hub"
}
1484352820.57: {
  "pid": 25324, 
  "args": [
    "RUNNING=False"
  ], 
  "proc": "MainProcess", 
  "type": "Hub"
}
1484352820.57: {
  "pid": 25324, 
  "args": [
    "Runner.stop.exit"
  ], 
  "proc": "MainProcess", 
  "type": "Hub"
}
1484352820.57: {
  "pid": 25324, 
  "args": [
    "RUN-LOOP-ENDED"
  ], 
  "proc": "MainProcess", 
  "type": "Hub"
}
1484352841.66: {
  "pid": 25324, 
  "args": [
    "Runner.stop.entry"
  ], 
  "proc": "MainProcess", 
  "type": "Hub"
}
1484352841.66: {
  "pid": 25324, 
  "args": [
    "Runner.stop.exit"
  ], 
  "proc": "MainProcess", 
  "type": "Hub"
}
1484352874.44: {
  "pid": 25495, 
  "args": [
    "INIT"
  ], 
  "proc": "MainProcess", 
  "type": "Hub"
}
1484352874.44: {
  "pid": 25495, 
  "args": [
    "START"
  ], 
  "proc": "MainProcess", 
  "type": "Hub"
}
1484352874.44: {
  "pid": 25495, 
  "args": [
    "RUN"
  ], 
  "proc": "MainProcess", 
  "type": "Hub"
}
1484352874.54: {
  "pid": 25495, 
  "args": [
    "STARTED"
  ], 
  "proc": "MainProcess", 
  "type": "Hub"
}
1484352874.58: {
  "pid": 25495, 
  "args": [
    "TASK-ADD", 
    {
      "pid": 25505, 
      "name": "hubcap-1", 
      "taskid": 1
    }
  ], 
  "proc": "MainProcess", 
  "type": "Hub"
}
1484352874.58: {
  "pid": 25495, 
  "args": [
    "TASKS:", 
    [
      1
    ]
  ], 
  "proc": "MainProcess", 
  "type": "Hub"
}
1484352874.58: {
  "pid": 25505, 
  "args": [
    "INIT"
  ], 
  "proc": "hubcap-1", 
  "type": "Add1"
}
1484352874.58: {
  "pid": 25505, 
  "args": [
    "task init ok"
  ], 
  "proc": "hubcap-1", 
  "type": "Add1"
}
1484352874.58: {
  "pid": 25505, 
  "args": [
    "RUN"
  ], 
  "proc": "hubcap-1", 
  "type": "Add1"
}
1484352883.5: {
  "pid": 25505, 
  "args": [
    "received message", 
    {
      "c": "exit"
    }
  ], 
  "proc": "hubcap-1", 
  "type": "Add1"
}
1484352883.5: {
  "pid": 25505, 
  "args": [
    "received exit message", 
    {
      "c": "exit"
    }
  ], 
  "proc": "hubcap-1", 
  "type": "Add1"
}
1484352883.5: {
  "pid": 25505, 
  "args": [
    "Runner.stop.entry"
  ], 
  "proc": "hubcap-1", 
  "type": "Add1"
}
1484352883.5: {
  "pid": 25505, 
  "args": [
    "STOPPING"
  ], 
  "proc": "hubcap-1", 
  "type": "Add1"
}
1484352883.5: {
  "pid": 25505, 
  "args": [
    "RUNNING=False"
  ], 
  "proc": "hubcap-1", 
  "type": "Add1"
}
1484352883.5: {
  "pid": 25505, 
  "args": [
    "Runner.stop.exit"
  ], 
  "proc": "hubcap-1", 
  "type": "Add1"
}
1484352883.51: {
  "pid": 25505, 
  "args": [
    "returned-from-exit", 
    {
      "status": {
        "active": null, 
        "running": false, 
        "threaded": null, 
        "time": 1484352883.504999
      }
    }
  ], 
  "proc": "hubcap-1", 
  "type": "Add1"
}
1484352883.51: {
  "pid": 25505, 
  "args": [
    "processed message", 
    {
      "c": "exit", 
      "r": "exiting"
    }
  ], 
  "proc": "hubcap-1", 
  "type": "Add1"
}
1484352883.61: {
  "pid": 25505, 
  "args": [
    "RUN-LOOP-ENDED"
  ], 
  "proc": "hubcap-1", 
  "type": "Add1"
}
1484352934.8: {
  "pid": 25495, 
  "args": [
    "HUB-EXIT"
  ], 
  "proc": "MainProcess", 
  "type": "Hub"
}
1484352934.8: {
  "pid": 25495, 
  "args": [
    "TASK-EXIT", 
    {
      "taskid": 1
    }
  ], 
  "proc": "MainProcess", 
  "type": "Hub"
}
1484352934.9: {
  "pid": 25495, 
  "args": [
    "WAIT-FOR-TASK-EXIT", 
    {
      "taskid": 1
    }
  ], 
  "proc": "MainProcess", 
  "type": "Hub"
}
1484352934.9: {
  "pid": 25495, 
  "args": [
    "TASKS:", 
    []
  ], 
  "proc": "MainProcess", 
  "type": "Hub"
}
1484352934.9: {
  "pid": 25495, 
  "args": [
    "Runner.stop.entry"
  ], 
  "proc": "MainProcess", 
  "type": "Hub"
}
1484352934.9: {
  "pid": 25495, 
  "args": [
    "STOPPING"
  ], 
  "proc": "MainProcess", 
  "type": "Hub"
}
1484352934.9: {
  "pid": 25495, 
  "args": [
    "RUNNING=False"
  ], 
  "proc": "MainProcess", 
  "type": "Hub"
}
1484352934.9: {
  "pid": 25495, 
  "args": [
    "Runner.stop.exit"
  ], 
  "proc": "MainProcess", 
  "type": "Hub"
}
1484352934.98: {
  "pid": 25495, 
  "args": [
    "RUN-LOOP-ENDED"
  ], 
  "proc": "MainProcess", 
  "type": "Hub"
}
1484361142.51: {
  "pid": 30461, 
  "args": [
    "RUN"
  ], 
  "proc": "MainProcess", 
  "type": "Hub"
}
1484361142.61: {
  "pid": 30461, 
  "args": [
    "START"
  ], 
  "proc": "MainProcess", 
  "type": "Hub"
}
1484361153.47: {
  "pid": 30461, 
  "args": [
    "STOP", 
    "running=False"
  ], 
  "proc": "MainProcess", 
  "type": "Hub"
}
1484361153.55: {
  "pid": 30461, 
  "args": [
    "RUN-STOP"
  ], 
  "proc": "MainProcess", 
  "type": "Hub"
}
1484361284.65: {
  "pid": 30733, 
  "args": [
    "RUN"
  ], 
  "proc": "MainProcess", 
  "type": "Hub"
}
1484361284.75: {
  "pid": 30733, 
  "args": [
    "START"
  ], 
  "proc": "MainProcess", 
  "type": "Hub"
}
1484361315.09: {
  "pid": 30733, 
  "args": [
    "TASK-ADD", 
    {
      "pid": 30758, 
      "name": "hubcap-1", 
      "taskid": 1
    }
  ], 
  "proc": "MainProcess", 
  "type": "Hub"
}
1484361315.09: {
  "pid": 30733, 
  "args": [
    "TASKS:", 
    [
      1
    ]
  ], 
  "proc": "MainProcess", 
  "type": "Hub"
}
1484361315.11: {
  "pid": 30758, 
  "args": [
    "task init ok"
  ], 
  "proc": "hubcap-1", 
  "type": "Add1"
}
1484361315.11: {
  "pid": 30758, 
  "args": [
    "RUN"
  ], 
  "proc": "hubcap-1", 
  "type": "Add1"
}
1484361379.74: {
  "pid": 30758, 
  "args": [
    "received message", 
    {
      "c": "status"
    }
  ], 
  "proc": "hubcap-1", 
  "type": "Add1"
}
1484361379.74: {
  "pid": 30758, 
  "args": [
    "processed message", 
    {
      "c": "status", 
      "r": {
        "active": null, 
        "running": true, 
        "threaded": null, 
        "time": 1484361379.738163
      }
    }
  ], 
  "proc": "hubcap-1", 
  "type": "Add1"
}
1484361415.11: {
  "pid": 30733, 
  "args": [
    "TASK-EXIT", 
    {
      "taskid": 1
    }
  ], 
  "proc": "MainProcess", 
  "type": "Hub"
}
1484361415.11: {
  "pid": 30758, 
  "args": [
    "received message", 
    {
      "c": "exit"
    }
  ], 
  "proc": "hubcap-1", 
  "type": "Add1"
}
1484361415.11: {
  "pid": 30758, 
  "args": [
    "received exit message", 
    {
      "c": "exit"
    }
  ], 
  "proc": "hubcap-1", 
  "type": "Add1"
}
1484361415.11: {
  "pid": 30758, 
  "args": [
    "STOP", 
    "running=False"
  ], 
  "proc": "hubcap-1", 
  "type": "Add1"
}
1484361415.11: {
  "pid": 30758, 
  "args": [
    "returned-from-exit", 
    {
      "status": {
        "active": null, 
        "running": false, 
        "threaded": null, 
        "time": 1484361415.109029
      }
    }
  ], 
  "proc": "hubcap-1", 
  "type": "Add1"
}
1484361415.11: {
  "pid": 30758, 
  "args": [
    "processed message", 
    {
      "c": "exit", 
      "r": "exiting"
    }
  ], 
  "proc": "hubcap-1", 
  "type": "Add1"
}
1484361415.21: {
  "pid": 30733, 
  "args": [
    "WAIT-FOR-TASK-EXIT", 
    {
      "taskid": 1
    }
  ], 
  "proc": "MainProcess", 
  "type": "Hub"
}
1484361415.21: {
  "pid": 30758, 
  "args": [
    "RUN-STOP"
  ], 
  "proc": "hubcap-1", 
  "type": "Add1"
}
1484361416.46: {
  "pid": 30733, 
  "args": [
    "TASKS:", 
    []
  ], 
  "proc": "MainProcess", 
  "type": "Hub"
}
1484365047.53: {
  "pid": 30733, 
  "args": [
    "HUB-EXIT"
  ], 
  "proc": "MainProcess", 
  "type": "Hub"
}
1484365047.53: {
  "pid": 30733, 
  "args": [
    "STOP", 
    "running=False"
  ], 
  "proc": "MainProcess", 
  "type": "Hub"
}
1484365047.56: {
  "pid": 30733, 
  "args": [
    "RUN-STOP"
  ], 
  "proc": "MainProcess", 
  "type": "Hub"
}
1484365095.85: {
  "pid": 30733, 
  "args": [
    "RUN"
  ], 
  "proc": "MainProcess", 
  "type": "Hub"
}
1484365095.95: {
  "pid": 30733, 
  "args": [
    "START"
  ], 
  "proc": "MainProcess", 
  "type": "Hub"
}
1484365101.01: {
  "pid": 30733, 
  "args": [
    "TASK-ADD", 
    {
      "pid": 538, 
      "name": "hubcap-1", 
      "taskid": 1
    }
  ], 
  "proc": "MainProcess", 
  "type": "Hub"
}
1484365101.01: {
  "pid": 30733, 
  "args": [
    "TASKS:", 
    [
      1
    ]
  ], 
  "proc": "MainProcess", 
  "type": "Hub"
}
1484365101.01: {
  "pid": 538, 
  "args": [
    "task init ok"
  ], 
  "proc": "hubcap-1", 
  "type": "Add1"
}
1484365101.01: {
  "pid": 538, 
  "args": [
    "RUN"
  ], 
  "proc": "hubcap-1", 
  "type": "Add1"
}
1484365104.87: {
  "pid": 538, 
  "args": [
    "processed message", 
    {
      "c": "status", 
      "r": {
        "active": null, 
        "running": true, 
        "threaded": null, 
        "time": 1484365104.869287
      }
    }
  ], 
  "proc": "hubcap-1", 
  "type": "Add1"
}
1484365116.89: {
  "pid": 538, 
  "args": [
    "processed message", 
    {
      "c": "status", 
      "r": {
        "active": null, 
        "running": true, 
        "threaded": null, 
        "time": 1484365116.893369
      }
    }
  ], 
  "proc": "hubcap-1", 
  "type": "Add1"
}
1484365148.87: {
  "pid": 30733, 
  "args": [
    "HUB-EXIT"
  ], 
  "proc": "MainProcess", 
  "type": "Hub"
}
1484365148.87: {
  "pid": 30733, 
  "args": [
    "TASK-EXIT", 
    {
      "taskid": 1
    }
  ], 
  "proc": "MainProcess", 
  "type": "Hub"
}
1484365148.88: {
  "pid": 538, 
  "args": [
    "STOP", 
    "running=False"
  ], 
  "proc": "hubcap-1", 
  "type": "Add1"
}
1484365148.88: {
  "pid": 538, 
  "args": [
    "processed message", 
    {
      "c": "exit", 
      "r": "exiting"
    }
  ], 
  "proc": "hubcap-1", 
  "type": "Add1"
}
1484365148.98: {
  "pid": 538, 
  "args": [
    "RUN-STOP"
  ], 
  "proc": "hubcap-1", 
  "type": "Add1"
}
1484365148.98: {
  "pid": 30733, 
  "args": [
    "WAIT-FOR-TASK-EXIT", 
    {
      "taskid": 1
    }
  ], 
  "proc": "MainProcess", 
  "type": "Hub"
}
1484365150.23: {
  "pid": 30733, 
  "args": [
    "TASKS:", 
    []
  ], 
  "proc": "MainProcess", 
  "type": "Hub"
}
1484365150.23: {
  "pid": 30733, 
  "args": [
    "STOP", 
    "running=False"
  ], 
  "proc": "MainProcess", 
  "type": "Hub"
}
1484365150.25: {
  "pid": 30733, 
  "args": [
    "RUN-STOP"
  ], 
  "proc": "MainProcess", 
  "type": "Hub"
}
1484365330.92: {
  "pid": 627, 
  "args": [
    "RUN"
  ], 
  "proc": "MainProcess", 
  "type": "Hub"
}
1484365331.02: {
  "pid": 627, 
  "args": [
    "START"
  ], 
  "proc": "MainProcess", 
  "type": "Hub"
}
1484365331.07: {
  "pid": 627, 
  "args": [
    "TASK-ADD", 
    {
      "pid": 710, 
      "name": "hubcap-1", 
      "taskid": 1
    }
  ], 
  "proc": "MainProcess", 
  "type": "Hub"
}
1484365331.07: {
  "pid": 627, 
  "args": [
    "TASKS:", 
    [
      1
    ]
  ], 
  "proc": "MainProcess", 
  "type": "Hub"
}
1484365331.07: {
  "pid": 710, 
  "args": [
    "task init ok"
  ], 
  "proc": "hubcap-1", 
  "type": "Add1"
}
1484365331.07: {
  "pid": 710, 
  "args": [
    "RUN"
  ], 
  "proc": "hubcap-1", 
  "type": "Add1"
}
1484365341.83: {
  "pid": 710, 
  "args": [
    "processed message", 
    {
      "c": "status", 
      "r": {
        "active": null, 
        "running": true, 
        "threaded": null, 
        "time": 1484365341.826209
      }
    }
  ], 
  "proc": "hubcap-1", 
  "type": "Add1"
}
1484365482.35: {
  "pid": 627, 
  "args": [
    "TASK-EXIT", 
    {
      "taskid": 1
    }
  ], 
  "proc": "MainProcess", 
  "type": "Hub"
}
1484365482.35: {
  "pid": 710, 
  "args": [
    "STOP", 
    "running=False"
  ], 
  "proc": "hubcap-1", 
  "type": "Add1"
}
1484365482.35: {
  "pid": 710, 
  "args": [
    "processed message", 
    {
      "c": "exit", 
      "r": "exiting"
    }
  ], 
  "proc": "hubcap-1", 
  "type": "Add1"
}
1484365482.46: {
  "pid": 627, 
  "args": [
    "WAIT-FOR-TASK-EXIT", 
    {
      "taskid": 1
    }
  ], 
  "proc": "MainProcess", 
  "type": "Hub"
}
1484365482.46: {
  "pid": 710, 
  "args": [
    "RUN-STOP"
  ], 
  "proc": "hubcap-1", 
  "type": "Add1"
}
1484365483.71: {
  "pid": 627, 
  "args": [
    "TASKS:", 
    []
  ], 
  "proc": "MainProcess", 
  "type": "Hub"
}
1484365513.35: {
  "pid": 627, 
  "args": [
    "HUB-EXIT"
  ], 
  "proc": "MainProcess", 
  "type": "Hub"
}
1484365513.36: {
  "pid": 627, 
  "args": [
    "STOP", 
    "running=False"
  ], 
  "proc": "MainProcess", 
  "type": "Hub"
}
1484365513.44: {
  "pid": 627, 
  "args": [
    "RUN-STOP"
  ], 
  "proc": "MainProcess", 
  "type": "Hub"
}
1484365735.14: {
  "pid": 983, 
  "args": [
    "RUN"
  ], 
  "proc": "MainProcess", 
  "type": "Hub"
}
1484365735.24: {
  "pid": 983, 
  "args": [
    "START"
  ], 
  "proc": "MainProcess", 
  "type": "Hub"
}
1484365735.29: {
  "pid": 983, 
  "args": [
    "TASK-ADD", 
    {
      "pid": 988, 
      "name": "hubcap-1", 
      "taskid": 1
    }
  ], 
  "proc": "MainProcess", 
  "type": "Hub"
}
1484365735.29: {
  "pid": 983, 
  "args": [
    "TASKS:", 
    [
      1
    ]
  ], 
  "proc": "MainProcess", 
  "type": "Hub"
}
1484365735.29: {
  "pid": 988, 
  "args": [
    "task init ok"
  ], 
  "proc": "hubcap-1", 
  "type": "Add1"
}
1484365735.29: {
  "pid": 988, 
  "args": [
    "OPEN"
  ], 
  "proc": "hubcap-1", 
  "type": "Add1"
}
1484365735.29: {
  "pid": 988, 
  "args": [
    "RUN"
  ], 
  "proc": "hubcap-1", 
  "type": "Add1"
}
1484366007.87: {
  "pid": 983, 
  "args": [
    "HUB-EXIT"
  ], 
  "proc": "MainProcess", 
  "type": "Hub"
}
1484366007.87: {
  "pid": 983, 
  "args": [
    "TASK-EXIT", 
    {
      "taskid": 1
    }
  ], 
  "proc": "MainProcess", 
  "type": "Hub"
}
1484366007.87: {
  "pid": 988, 
  "args": [
    "STOP", 
    "running=False"
  ], 
  "proc": "hubcap-1", 
  "type": "Add1"
}
1484366007.87: {
  "pid": 988, 
  "args": [
    "CLOSE"
  ], 
  "proc": "hubcap-1", 
  "type": "Add1"
}
1484366007.87: {
  "pid": 988, 
  "args": [
    "processed message", 
    {
      "c": "exit", 
      "r": "exiting"
    }
  ], 
  "proc": "hubcap-1", 
  "type": "Add1"
}
1484366007.97: {
  "pid": 983, 
  "args": [
    "WAIT-FOR-TASK-EXIT", 
    {
      "taskid": 1
    }
  ], 
  "proc": "MainProcess", 
  "type": "Hub"
}
1484366007.98: {
  "pid": 988, 
  "args": [
    "RUN-STOP"
  ], 
  "proc": "hubcap-1", 
  "type": "Add1"
}
1484366009.23: {
  "pid": 983, 
  "args": [
    "TASKS:", 
    []
  ], 
  "proc": "MainProcess", 
  "type": "Hub"
}
1484366009.23: {
  "pid": 983, 
  "args": [
    "STOP", 
    "running=False"
  ], 
  "proc": "MainProcess", 
  "type": "Hub"
}
1484366009.32: {
  "pid": 983, 
  "args": [
    "RUN-STOP"
  ], 
  "proc": "MainProcess", 
  "type": "Hub"
}
1484366027.42: {
  "pid": 1179, 
  "args": [
    "RUN"
  ], 
  "proc": "MainProcess", 
  "type": "Hub"
}
1484366027.52: {
  "pid": 1179, 
  "args": [
    "START"
  ], 
  "proc": "MainProcess", 
  "type": "Hub"
}
1484366027.56: {
  "pid": 1179, 
  "args": [
    "TASK-ADD", 
    {
      "pid": 1192, 
      "name": "hubcap-1", 
      "taskid": 1
    }
  ], 
  "proc": "MainProcess", 
  "type": "Hub"
}
1484366027.56: {
  "pid": 1179, 
  "args": [
    "TASKS:", 
    [
      1
    ]
  ], 
  "proc": "MainProcess", 
  "type": "Hub"
}
1484366027.56: {
  "pid": 1192, 
  "args": [
    "task init ok"
  ], 
  "proc": "hubcap-1", 
  "type": "Add1"
}
1484366027.56: {
  "pid": 1192, 
  "args": [
    "OPEN"
  ], 
  "proc": "hubcap-1", 
  "type": "Add1"
}
1484366027.56: {
  "pid": 1192, 
  "args": [
    "RUN"
  ], 
  "proc": "hubcap-1", 
  "type": "Add1"
}
1484366033.79: {
  "pid": 1179, 
  "args": [
    "TASK-ADD", 
    {
      "pid": 1199, 
      "name": "hubcap-2", 
      "taskid": 2
    }
  ], 
  "proc": "MainProcess", 
  "type": "Hub"
}
1484366033.79: {
  "pid": 1179, 
  "args": [
    "TASKS:", 
    [
      1, 
      2
    ]
  ], 
  "proc": "MainProcess", 
  "type": "Hub"
}
1484366033.8: {
  "pid": 1199, 
  "args": [
    "task init ok"
  ], 
  "proc": "hubcap-2", 
  "type": "Add1"
}
1484366033.8: {
  "pid": 1199, 
  "args": [
    "OPEN"
  ], 
  "proc": "hubcap-2", 
  "type": "Add1"
}
1484366033.8: {
  "pid": 1199, 
  "args": [
    "RUN"
  ], 
  "proc": "hubcap-2", 
  "type": "Add1"
}
1484366041.32: {
  "pid": 1179, 
  "args": [
    "HUB-EXIT"
  ], 
  "proc": "MainProcess", 
  "type": "Hub"
}
1484366041.32: {
  "pid": 1179, 
  "args": [
    "TASK-EXIT", 
    {
      "taskid": 1
    }
  ], 
  "proc": "MainProcess", 
  "type": "Hub"
}
1484366041.33: {
  "pid": 1192, 
  "args": [
    "STOP", 
    "running=False"
  ], 
  "proc": "hubcap-1", 
  "type": "Add1"
}
1484366041.33: {
  "pid": 1192, 
  "args": [
    "CLOSE"
  ], 
  "proc": "hubcap-1", 
  "type": "Add1"
}
1484366041.33: {
  "pid": 1192, 
  "args": [
    "processed message", 
    {
      "c": "exit", 
      "r": "exiting"
    }
  ], 
  "proc": "hubcap-1", 
  "type": "Add1"
}
1484366041.43: {
  "pid": 1179, 
  "args": [
    "WAIT-FOR-TASK-EXIT", 
    {
      "taskid": 1
    }
  ], 
  "proc": "MainProcess", 
  "type": "Hub"
}
1484366041.43: {
  "pid": 1192, 
  "args": [
    "RUN-STOP"
  ], 
  "proc": "hubcap-1", 
  "type": "Add1"
}
1484366042.68: {
  "pid": 1179, 
  "args": [
    "TASKS:", 
    [
      2
    ]
  ], 
  "proc": "MainProcess", 
  "type": "Hub"
}
1484366042.68: {
  "pid": 1179, 
  "args": [
    "TASK-EXIT", 
    {
      "taskid": 2
    }
  ], 
  "proc": "MainProcess", 
  "type": "Hub"
}
1484366042.69: {
  "pid": 1199, 
  "args": [
    "STOP", 
    "running=False"
  ], 
  "proc": "hubcap-2", 
  "type": "Add1"
}
1484366042.69: {
  "pid": 1199, 
  "args": [
    "CLOSE"
  ], 
  "proc": "hubcap-2", 
  "type": "Add1"
}
1484366042.69: {
  "pid": 1199, 
  "args": [
    "processed message", 
    {
      "c": "exit", 
      "r": "exiting"
    }
  ], 
  "proc": "hubcap-2", 
  "type": "Add1"
}
1484366042.79: {
  "pid": 1179, 
  "args": [
    "WAIT-FOR-TASK-EXIT", 
    {
      "taskid": 2
    }
  ], 
  "proc": "MainProcess", 
  "type": "Hub"
}
1484366042.79: {
  "pid": 1199, 
  "args": [
    "RUN-STOP"
  ], 
  "proc": "hubcap-2", 
  "type": "Add1"
}
1484366044.04: {
  "pid": 1179, 
  "args": [
    "TASKS:", 
    []
  ], 
  "proc": "MainProcess", 
  "type": "Hub"
}
1484366044.04: {
  "pid": 1179, 
  "args": [
    "STOP", 
    "running=False"
  ], 
  "proc": "MainProcess", 
  "type": "Hub"
}
1484366044.09: {
  "pid": 1179, 
  "args": [
    "RUN-STOP"
  ], 
  "proc": "MainProcess", 
  "type": "Hub"
}
1484366381.09: {
  "pid": 1459, 
  "args": [
    "START"
  ], 
  "proc": "MainProcess", 
  "type": "Hub"
}
1484366381.13: {
  "pid": 1459, 
  "args": [
    "TASK-ADD", 
    {
      "pid": 1481, 
      "name": "hubcap-1", 
      "taskid": 1
    }
  ], 
  "proc": "MainProcess", 
  "type": "Hub"
}
1484366381.13: {
  "pid": 1459, 
  "args": [
    "TASKS:", 
    [
      1
    ]
  ], 
  "proc": "MainProcess", 
  "type": "Hub"
}
1484366381.13: {
  "pid": 1459, 
  "args": [
    "TASK-EXIT", 
    {
      "taskid": 1
    }
  ], 
  "proc": "MainProcess", 
  "type": "Hub"
}
1484366381.13: {
  "pid": 1481, 
  "args": [
    "task init ok"
  ], 
  "proc": "hubcap-1", 
  "type": "Add1"
}
1484366381.13: {
  "pid": 1481, 
  "args": [
    "OPEN"
  ], 
  "proc": "hubcap-1", 
  "type": "Add1"
}
1484366381.13: {
  "pid": 1481, 
  "args": [
    "RUN"
  ], 
  "proc": "hubcap-1", 
  "type": "Add1"
}
1484366381.13: {
  "pid": 1481, 
  "args": [
    "processed message", 
    {
      "c": "status", 
      "r": {
        "active": true, 
        "running": true, 
        "threaded": null, 
        "time": 1484366381.129142
      }
    }
  ], 
  "proc": "hubcap-1", 
  "type": "Add1"
}
1484366381.13: {
  "pid": 1481, 
  "args": [
    "STOP", 
    "running=False"
  ], 
  "proc": "hubcap-1", 
  "type": "Add1"
}
1484366381.13: {
  "pid": 1481, 
  "args": [
    "CLOSE"
  ], 
  "proc": "hubcap-1", 
  "type": "Add1"
}
1484366381.13: {
  "pid": 1481, 
  "args": [
    "processed message", 
    {
      "c": "exit", 
      "r": "exiting"
    }
  ], 
  "proc": "hubcap-1", 
  "type": "Add1"
}
1484366381.23: {
  "pid": 1459, 
  "args": [
    "WAIT-FOR-TASK-EXIT", 
    {
      "taskid": 1
    }
  ], 
  "proc": "MainProcess", 
  "type": "Hub"
}
1484366381.23: {
  "pid": 1481, 
  "args": [
    "RUN-STOP"
  ], 
  "proc": "hubcap-1", 
  "type": "Add1"
}
1484366382.48: {
  "pid": 1459, 
  "args": [
    "TASKS:", 
    []
  ], 
  "proc": "MainProcess", 
  "type": "Hub"
}
1488166517.847375: {
  "pid": 15196,
  "args": [
    "START"
  ],
  "type": "Hub",
  "proc": "MainProcess"
}
1488166574.3383732: {
  "proc": "MainProcess",
  "args": [
    "OPEN"
  ],
  "type": "Hub",
  "pid": 15204
}
1488166574.33903: {
  "proc": "MainProcess",
  "args": [
    "RUN"
  ],
  "type": "Hub",
  "pid": 15204
}
1488166574.4385307: {
  "proc": "MainProcess",
  "args": [
    "START"
  ],
  "type": "Hub",
  "pid": 15204
}
1488168940.222128: {
  "proc": "MainProcess",
  "args": [
    "TASK-ADD",
    {
      "name": "hubcap-1",
      "taskid": 1,
      "pid": 15333
    }
  ],
  "type": "Hub",
  "pid": 15204
}
1488168940.2229764: {
  "proc": "MainProcess",
  "args": [
    "TASKS:",
    "dict_keys([1])"
  ],
  "type": "Hub",
  "pid": 15204
}
1488169051.2439454: {
  "proc": "MainProcess",
  "args": [
    "STOP",
    "running=False"
  ],
  "type": "Hub",
  "pid": 15204
}
1488169051.2803013: {
  "proc": "MainProcess",
  "args": [
    "RUN-STOP"
  ],
  "type": "Hub",
  "pid": 15204
}
1488169107.853121: {
  "type": "Hub",
  "args": [
    "OPEN"
  ],
  "pid": 15359,
  "proc": "MainProcess"
}
1488169107.8537724: {
  "type": "Hub",
  "args": [
    "RUN"
  ],
  "pid": 15359,
  "proc": "MainProcess"
}
1488169107.953932: {
  "type": "Hub",
  "args": [
    "START"
  ],
  "pid": 15359,
  "proc": "MainProcess"
}
1488169114.2964344: {
  "type": "Hub",
  "args": [
    "TASK-ADD",
    {
      "pid": 15361,
      "taskid": 1,
      "name": "hubcap-1"
    }
  ],
  "pid": 15359,
  "proc": "MainProcess"
}
1488169114.2969482: {
  "type": "Hub",
  "args": [
    "TASKS:",
    "dict_keys([1])"
  ],
  "pid": 15359,
  "proc": "MainProcess"
}
1488169114.3013566: {
  "type": "Add1",
  "args": [
    "task init ok"
  ],
  "pid": 15361,
  "proc": "hubcap-1"
}
1488169114.3015275: {
  "type": "Add1",
  "args": [
    "OPEN"
  ],
  "pid": 15361,
  "proc": "hubcap-1"
}
1488169114.3016396: {
  "type": "Add1",
  "args": [
    "RUN"
  ],
  "pid": 15361,
  "proc": "hubcap-1"
}
1488169380.4696026: {
  "type": "Hub",
  "args": [
    "TASK-ADD",
    {
      "pid": 15400,
      "taskid": 2,
      "name": "hubcap-2"
    }
  ],
  "pid": 15359,
  "proc": "MainProcess"
}
1488169380.4703398: {
  "type": "Hub",
  "args": [
    "TASKS:",
    "dict_keys([1, 2])"
  ],
  "pid": 15359,
  "proc": "MainProcess"
}
1488169380.4722815: {
  "type": "Add1",
  "args": [
    "task init ok"
  ],
  "pid": 15400,
  "proc": "hubcap-2"
}
1488169380.4724987: {
  "type": "Add1",
  "args": [
    "OPEN"
  ],
  "pid": 15400,
  "proc": "hubcap-2"
}
1488169380.4726286: {
  "type": "Add1",
  "args": [
    "RUN"
  ],
  "pid": 15400,
  "proc": "hubcap-2"
}
1488169546.7688618: {
  "type": "Hub",
  "args": [
    "TASK-EXIT",
    {
      "taskid": 1
    }
  ],
  "pid": 15359,
  "proc": "MainProcess"
}
1488169546.77087: {
  "type": "Add1",
  "args": [
    "STOP",
    "running=False"
  ],
  "pid": 15361,
  "proc": "hubcap-1"
}
1488169546.7715468: {
  "type": "Add1",
  "args": [
    "CLOSE"
  ],
  "pid": 15361,
  "proc": "hubcap-1"
}
1488169546.7722971: {
  "type": "Add1",
  "args": [
    "processed message",
    {
      "c": "exit",
      "r": "exiting"
    }
  ],
  "pid": 15361,
  "proc": "hubcap-1"
}
1488169546.8728669: {
  "type": "Hub",
  "args": [
    "WAIT-FOR-TASK-EXIT",
    {
      "taskid": 1
    }
  ],
  "pid": 15359,
  "proc": "MainProcess"
}
1488169546.873554: {
  "type": "Add1",
  "args": [
    "RUN-STOP"
  ],
  "pid": 15361,
  "proc": "hubcap-1"
}
1488169548.1264389: {
  "type": "Hub",
  "args": [
    "TASKS:",
    "dict_keys([2])"
  ],
  "pid": 15359,
  "proc": "MainProcess"
}
1488169609.5227509: {
  "type": "Add1",
  "args": [
    "processed message",
    {
      "c": "status",
      "r": {
        "running": true,
        "active": true,
        "time": 1488169609.5221007,
        "threaded": null
      }
    }
  ],
  "pid": 15400,
  "proc": "hubcap-2"
}
